<?xml version="1.0" encoding="UTF-8"?>
<testsuite xmlns:xsi="http://www.w3.org/2001/XMLSchema-instance" xsi:noNamespaceSchemaLocation="https://maven.apache.org/surefire/maven-surefire-plugin/xsd/surefire-test-report-3.0.xsd" version="3.0" name="com.deliverytracker.service.DeliveryServiceTest" time="4.445" tests="3" errors="0" skipped="0" failures="0">
  <properties>
[...]
</properties>
  <testcase name="markAsDelivered_shouldUpdateStatus" classname="com.deliverytracker.service.DeliveryServiceTest" time="1.048">
    <system-out><![CDATA[2026-06-26T04:49:08.764Z  INFO 23811 --- [delivery-tracker] [           main] t.c.s.AnnotationConfigContextLoaderUtils : Could not detect default configuration classes for test class [com.deliverytracker.service.DeliveryServiceTest]: DeliveryServiceTest does not declare any static, non-private, non-final, nested classes annotated with @Configuration.
2026-06-26T04:49:08.808Z  INFO 23811 --- [delivery-tracker] [           main] .b.t.c.SpringBootTestContextBootstrapper : Found @SpringBootConfiguration com.deliverytracker.DeliveryTrackerApplication for test class com.deliverytracker.service.DeliveryServiceTest

  .   ____          _            __ _ _
 /\\ / ___'_ __ _ _(_)_ __  __ _ \ \ \ \
( ( )\___ | '_ | '_| | '_ \/ _` | \ \ \ \
 \\/  ___)| |_)| | | | | || (_| |  ) ) ) )
  '  |____| .__|_| |_|_| |_\__, | / / / /
 =========|_|==============|___/=/_/_/_/

 :: Spring Boot ::                (v3.3.2)

2026-06-26T04:49:08.955Z  INFO 23811 --- [delivery-tracker] [           main] c.d.service.DeliveryServiceTest          : Starting DeliveryServiceTest using Java 17.0.19 with PID 23811 (started by vscode in /workspaces/ghcp-handson)
2026-06-26T04:49:08.956Z  INFO 23811 --- [delivery-tracker] [           main] c.d.service.DeliveryServiceTest          : No active profile set, falling back to 1 default profile: "default"
2026-06-26T04:49:09.451Z  INFO 23811 --- [delivery-tracker] [           main] .s.d.r.c.RepositoryConfigurationDelegate : Bootstrapping Spring Data JPA repositories in DEFAULT mode.
2026-06-26T04:49:09.464Z  INFO 23811 --- [delivery-tracker] [           main] .s.d.r.c.RepositoryConfigurationDelegate : Finished Spring Data repository scanning in 13 ms. Found 1 JPA repository interface.
2026-06-26T04:49:09.678Z  INFO 23811 --- [delivery-tracker] [           main] o.hibernate.jpa.internal.util.LogHelper  : HHH000204: Processing PersistenceUnitInfo [name: default]
2026-06-26T04:49:09.681Z  INFO 23811 --- [delivery-tracker] [           main] o.h.c.internal.RegionFactoryInitiator    : HHH000026: Second-level cache disabled
2026-06-26T04:49:09.706Z  INFO 23811 --- [delivery-tracker] [           main] o.s.o.j.p.SpringPersistenceUnitInfo      : No LoadTimeWeaver setup: ignoring JPA class transformer
2026-06-26T04:49:09.709Z  INFO 23811 --- [delivery-tracker] [           main] com.zaxxer.hikari.HikariDataSource       : HikariPool-2 - Starting...
2026-06-26T04:49:09.711Z  INFO 23811 --- [delivery-tracker] [           main] com.zaxxer.hikari.pool.HikariPool        : HikariPool-2 - Added connection conn10: url=jdbc:h2:mem:deliverydb user=SA
2026-06-26T04:49:09.711Z  INFO 23811 --- [delivery-tracker] [           main] com.zaxxer.hikari.HikariDataSource       : HikariPool-2 - Start completed.
2026-06-26T04:49:09.836Z  INFO 23811 --- [delivery-tracker] [           main] o.h.e.t.j.p.i.JtaPlatformInitiator       : HHH000489: No JTA platform available (set 'hibernate.transaction.jta.platform' to enable JTA platform integration)
Hibernate: drop table if exists delivery cascade 
Hibernate: create table delivery (created_at timestamp(6) not null, id bigint generated by default as identity, recipient_address varchar(255) not null, recipient_name varchar(255) not null, tracking_number varchar(255) not null, status enum ('DELIVERED','PENDING') not null, primary key (id))
2026-06-26T04:49:09.842Z  INFO 23811 --- [delivery-tracker] [           main] j.LocalContainerEntityManagerFactoryBean : Initialized JPA EntityManagerFactory for persistence unit 'default'
2026-06-26T04:49:09.997Z  WARN 23811 --- [delivery-tracker] [           main] JpaBaseConfiguration$JpaWebConfiguration : spring.jpa.open-in-view is enabled by default. Therefore, database queries may be performed during view rendering. Explicitly configure spring.jpa.open-in-view to disable this warning
2026-06-26T04:49:10.019Z  INFO 23811 --- [delivery-tracker] [           main] o.s.b.a.w.s.WelcomePageHandlerMapping    : Adding welcome page template: index
2026-06-26T04:49:10.220Z  INFO 23811 --- [delivery-tracker] [           main] o.s.b.a.h2.H2ConsoleAutoConfiguration    : H2 console available at '/h2-console'. Database available at 'jdbc:h2:mem:deliverydb'
2026-06-26T04:49:10.350Z  INFO 23811 --- [delivery-tracker] [           main] c.d.service.DeliveryServiceTest          : Started DeliveryServiceTest in 1.529 seconds (process running for 12.094)
2026-06-26T04:49:10.364Z  INFO 23811 --- [delivery-tracker] [           main] j.LocalContainerEntityManagerFactoryBean : Closing JPA EntityManagerFactory for persistence unit 'default'
Hibernate: drop table if exists delivery cascade 
2026-06-26T04:49:10.374Z  INFO 23811 --- [delivery-tracker] [           main] com.zaxxer.hikari.HikariDataSource       : HikariPool-2 - Shutdown initiated...
2026-06-26T04:49:10.383Z  INFO 23811 --- [delivery-tracker] [           main] com.zaxxer.hikari.HikariDataSource       : HikariPool-2 - Shutdown completed.

  .   ____          _            __ _ _
 /\\ / ___'_ __ _ _(_)_ __  __ _ \ \ \ \
( ( )\___ | '_ | '_| | '_ \/ _` | \ \ \ \
 \\/  ___)| |_)| | | | | || (_| |  ) ) ) )
  '  |____| .__|_| |_|_| |_\__, | / / / /
 =========|_|==============|___/=/_/_/_/

 :: Spring Boot ::                (v3.3.2)

2026-06-26T04:49:10.439Z  INFO 23811 --- [delivery-tracker] [           main] c.d.service.DeliveryServiceTest          : Starting DeliveryServiceTest using Java 17.0.19 with PID 23811 (started by vscode in /workspaces/ghcp-handson)
2026-06-26T04:49:10.440Z  INFO 23811 --- [delivery-tracker] [           main] c.d.service.DeliveryServiceTest          : No active profile set, falling back to 1 default profile: "default"
2026-06-26T04:49:10.660Z  INFO 23811 --- [delivery-tracker] [           main] .s.d.r.c.RepositoryConfigurationDelegate : Bootstrapping Spring Data JPA repositories in DEFAULT mode.
2026-06-26T04:49:10.673Z  INFO 23811 --- [delivery-tracker] [           main] .s.d.r.c.RepositoryConfigurationDelegate : Finished Spring Data repository scanning in 12 ms. Found 1 JPA repository interface.
2026-06-26T04:49:10.849Z  INFO 23811 --- [delivery-tracker] [           main] o.hibernate.jpa.internal.util.LogHelper  : HHH000204: Processing PersistenceUnitInfo [name: default]
2026-06-26T04:49:10.852Z  INFO 23811 --- [delivery-tracker] [           main] o.h.c.internal.RegionFactoryInitiator    : HHH000026: Second-level cache disabled
2026-06-26T04:49:10.866Z  INFO 23811 --- [delivery-tracker] [           main] o.s.o.j.p.SpringPersistenceUnitInfo      : No LoadTimeWeaver setup: ignoring JPA class transformer
2026-06-26T04:49:10.867Z  INFO 23811 --- [delivery-tracker] [           main] com.zaxxer.hikari.HikariDataSource       : HikariPool-3 - Starting...
2026-06-26T04:49:10.870Z  INFO 23811 --- [delivery-tracker] [           main] com.zaxxer.hikari.pool.HikariPool        : HikariPool-3 - Added connection conn20: url=jdbc:h2:mem:deliverydb user=SA
2026-06-26T04:49:10.871Z  INFO 23811 --- [delivery-tracker] [           main] com.zaxxer.hikari.HikariDataSource       : HikariPool-3 - Start completed.
2026-06-26T04:49:10.950Z  INFO 23811 --- [delivery-tracker] [           main] o.h.e.t.j.p.i.JtaPlatformInitiator       : HHH000489: No JTA platform available (set 'hibernate.transaction.jta.platform' to enable JTA platform integration)
Hibernate: drop table if exists delivery cascade 
Hibernate: create table delivery (created_at timestamp(6) not null, id bigint generated by default as identity, recipient_address varchar(255) not null, recipient_name varchar(255) not null, tracking_number varchar(255) not null, status enum ('DELIVERED','PENDING') not null, primary key (id))
2026-06-26T04:49:10.954Z  INFO 23811 --- [delivery-tracker] [           main] j.LocalContainerEntityManagerFactoryBean : Initialized JPA EntityManagerFactory for persistence unit 'default'
2026-06-26T04:49:11.083Z  WARN 23811 --- [delivery-tracker] [           main] JpaBaseConfiguration$JpaWebConfiguration : spring.jpa.open-in-view is enabled by default. Therefore, database queries may be performed during view rendering. Explicitly configure spring.jpa.open-in-view to disable this warning
2026-06-26T04:49:11.092Z  INFO 23811 --- [delivery-tracker] [           main] o.s.b.a.w.s.WelcomePageHandlerMapping    : Adding welcome page template: index
2026-06-26T04:49:11.216Z  INFO 23811 --- [delivery-tracker] [           main] o.s.b.a.h2.H2ConsoleAutoConfiguration    : H2 console available at '/h2-console'. Database available at 'jdbc:h2:mem:deliverydb'
2026-06-26T04:49:11.318Z  INFO 23811 --- [delivery-tracker] [           main] c.d.service.DeliveryServiceTest          : Started DeliveryServiceTest in 0.93 seconds (process running for 13.062)
Hibernate: select d1_0.id,d1_0.created_at,d1_0.recipient_address,d1_0.recipient_name,d1_0.status,d1_0.tracking_number from delivery d1_0 order by d1_0.id desc fetch first ? rows only
Hibernate: insert into delivery (created_at,recipient_address,recipient_name,status,tracking_number,id) values (?,?,?,?,?,default)
Hibernate: select d1_0.id,d1_0.created_at,d1_0.recipient_address,d1_0.recipient_name,d1_0.status,d1_0.tracking_number from delivery d1_0 where d1_0.id=?
Hibernate: update delivery set created_at=?,recipient_address=?,recipient_name=?,status=?,tracking_number=? where id=?
]]></system-out>
  </testcase>
  <testcase name="create_shouldGenerateTrackingNumberFromMaxIdPlusOne" classname="com.deliverytracker.service.DeliveryServiceTest" time="0.89">
    <system-out><![CDATA[2026-06-26T04:49:11.410Z  INFO 23811 --- [delivery-tracker] [           main] j.LocalContainerEntityManagerFactoryBean : Closing JPA EntityManagerFactory for persistence unit 'default'
Hibernate: drop table if exists delivery cascade 
2026-06-26T04:49:11.412Z  INFO 23811 --- [delivery-tracker] [           main] com.zaxxer.hikari.HikariDataSource       : HikariPool-3 - Shutdown initiated...
2026-06-26T04:49:11.415Z  INFO 23811 --- [delivery-tracker] [           main] com.zaxxer.hikari.HikariDataSource       : HikariPool-3 - Shutdown completed.

  .   ____          _            __ _ _
 /\\ / ___'_ __ _ _(_)_ __  __ _ \ \ \ \
( ( )\___ | '_ | '_| | '_ \/ _` | \ \ \ \
 \\/  ___)| |_)| | | | | || (_| |  ) ) ) )
  '  |____| .__|_| |_|_| |_\__, | / / / /
 =========|_|==============|___/=/_/_/_/

 :: Spring Boot ::                (v3.3.2)

2026-06-26T04:49:11.457Z  INFO 23811 --- [delivery-tracker] [           main] c.d.service.DeliveryServiceTest          : Starting DeliveryServiceTest using Java 17.0.19 with PID 23811 (started by vscode in /workspaces/ghcp-handson)
2026-06-26T04:49:11.458Z  INFO 23811 --- [delivery-tracker] [           main] c.d.service.DeliveryServiceTest          : No active profile set, falling back to 1 default profile: "default"
2026-06-26T04:49:11.639Z  INFO 23811 --- [delivery-tracker] [           main] .s.d.r.c.RepositoryConfigurationDelegate : Bootstrapping Spring Data JPA repositories in DEFAULT mode.
2026-06-26T04:49:11.651Z  INFO 23811 --- [delivery-tracker] [           main] .s.d.r.c.RepositoryConfigurationDelegate : Finished Spring Data repository scanning in 11 ms. Found 1 JPA repository interface.
2026-06-26T04:49:11.751Z  INFO 23811 --- [delivery-tracker] [           main] o.hibernate.jpa.internal.util.LogHelper  : HHH000204: Processing PersistenceUnitInfo [name: default]
2026-06-26T04:49:11.758Z  INFO 23811 --- [delivery-tracker] [           main] o.h.c.internal.RegionFactoryInitiator    : HHH000026: Second-level cache disabled
2026-06-26T04:49:11.769Z  INFO 23811 --- [delivery-tracker] [           main] o.s.o.j.p.SpringPersistenceUnitInfo      : No LoadTimeWeaver setup: ignoring JPA class transformer
2026-06-26T04:49:11.770Z  INFO 23811 --- [delivery-tracker] [           main] com.zaxxer.hikari.HikariDataSource       : HikariPool-4 - Starting...
2026-06-26T04:49:11.773Z  INFO 23811 --- [delivery-tracker] [           main] com.zaxxer.hikari.pool.HikariPool        : HikariPool-4 - Added connection conn30: url=jdbc:h2:mem:deliverydb user=SA
2026-06-26T04:49:11.773Z  INFO 23811 --- [delivery-tracker] [           main] com.zaxxer.hikari.HikariDataSource       : HikariPool-4 - Start completed.
2026-06-26T04:49:11.849Z  INFO 23811 --- [delivery-tracker] [           main] o.h.e.t.j.p.i.JtaPlatformInitiator       : HHH000489: No JTA platform available (set 'hibernate.transaction.jta.platform' to enable JTA platform integration)
Hibernate: drop table if exists delivery cascade 
Hibernate: create table delivery (created_at timestamp(6) not null, id bigint generated by default as identity, recipient_address varchar(255) not null, recipient_name varchar(255) not null, tracking_number varchar(255) not null, status enum ('DELIVERED','PENDING') not null, primary key (id))
2026-06-26T04:49:11.857Z  INFO 23811 --- [delivery-tracker] [           main] j.LocalContainerEntityManagerFactoryBean : Initialized JPA EntityManagerFactory for persistence unit 'default'
2026-06-26T04:49:12.002Z  WARN 23811 --- [delivery-tracker] [           main] JpaBaseConfiguration$JpaWebConfiguration : spring.jpa.open-in-view is enabled by default. Therefore, database queries may be performed during view rendering. Explicitly configure spring.jpa.open-in-view to disable this warning
2026-06-26T04:49:12.011Z  INFO 23811 --- [delivery-tracker] [           main] o.s.b.a.w.s.WelcomePageHandlerMapping    : Adding welcome page template: index
2026-06-26T04:49:12.147Z  INFO 23811 --- [delivery-tracker] [           main] o.s.b.a.h2.H2ConsoleAutoConfiguration    : H2 console available at '/h2-console'. Database available at 'jdbc:h2:mem:deliverydb'
2026-06-26T04:49:12.230Z  INFO 23811 --- [delivery-tracker] [           main] c.d.service.DeliveryServiceTest          : Started DeliveryServiceTest in 0.812 seconds (process running for 13.974)
Hibernate: select d1_0.id,d1_0.created_at,d1_0.recipient_address,d1_0.recipient_name,d1_0.status,d1_0.tracking_number from delivery d1_0 order by d1_0.id desc fetch first ? rows only
Hibernate: insert into delivery (created_at,recipient_address,recipient_name,status,tracking_number,id) values (?,?,?,?,?,default)
Hibernate: select d1_0.id,d1_0.created_at,d1_0.recipient_address,d1_0.recipient_name,d1_0.status,d1_0.tracking_number from delivery d1_0 order by d1_0.id desc fetch first ? rows only
Hibernate: insert into delivery (created_at,recipient_address,recipient_name,status,tracking_number,id) values (?,?,?,?,?,default)
]]></system-out>
  </testcase>
  <testcase name="markAsDelivered_shouldThrowWhenMissingId" classname="com.deliverytracker.service.DeliveryServiceTest" time="0.877">
    <system-out><![CDATA[2026-06-26T04:49:12.304Z  INFO 23811 --- [delivery-tracker] [           main] j.LocalContainerEntityManagerFactoryBean : Closing JPA EntityManagerFactory for persistence unit 'default'
Hibernate: drop table if exists delivery cascade 
2026-06-26T04:49:12.312Z  INFO 23811 --- [delivery-tracker] [           main] com.zaxxer.hikari.HikariDataSource       : HikariPool-4 - Shutdown initiated...
2026-06-26T04:49:12.317Z  INFO 23811 --- [delivery-tracker] [           main] com.zaxxer.hikari.HikariDataSource       : HikariPool-4 - Shutdown completed.

  .   ____          _            __ _ _
 /\\ / ___'_ __ _ _(_)_ __  __ _ \ \ \ \
( ( )\___ | '_ | '_| | '_ \/ _` | \ \ \ \
 \\/  ___)| |_)| | | | | || (_| |  ) ) ) )
  '  |____| .__|_| |_|_| |_\__, | / / / /
 =========|_|==============|___/=/_/_/_/

 :: Spring Boot ::                (v3.3.2)

2026-06-26T04:49:12.397Z  INFO 23811 --- [delivery-tracker] [           main] c.d.service.DeliveryServiceTest          : Starting DeliveryServiceTest using Java 17.0.19 with PID 23811 (started by vscode in /workspaces/ghcp-handson)
2026-06-26T04:49:12.397Z  INFO 23811 --- [delivery-tracker] [           main] c.d.service.DeliveryServiceTest          : No active profile set, falling back to 1 default profile: "default"
2026-06-26T04:49:12.572Z  INFO 23811 --- [delivery-tracker] [           main] .s.d.r.c.RepositoryConfigurationDelegate : Bootstrapping Spring Data JPA repositories in DEFAULT mode.
2026-06-26T04:49:12.583Z  INFO 23811 --- [delivery-tracker] [           main] .s.d.r.c.RepositoryConfigurationDelegate : Finished Spring Data repository scanning in 9 ms. Found 1 JPA repository interface.
2026-06-26T04:49:12.680Z  INFO 23811 --- [delivery-tracker] [           main] o.hibernate.jpa.internal.util.LogHelper  : HHH000204: Processing PersistenceUnitInfo [name: default]
2026-06-26T04:49:12.685Z  INFO 23811 --- [delivery-tracker] [           main] o.h.c.internal.RegionFactoryInitiator    : HHH000026: Second-level cache disabled
2026-06-26T04:49:12.698Z  INFO 23811 --- [delivery-tracker] [           main] o.s.o.j.p.SpringPersistenceUnitInfo      : No LoadTimeWeaver setup: ignoring JPA class transformer
2026-06-26T04:49:12.701Z  INFO 23811 --- [delivery-tracker] [           main] com.zaxxer.hikari.HikariDataSource       : HikariPool-5 - Starting...
2026-06-26T04:49:12.705Z  INFO 23811 --- [delivery-tracker] [           main] com.zaxxer.hikari.pool.HikariPool        : HikariPool-5 - Added connection conn40: url=jdbc:h2:mem:deliverydb user=SA
2026-06-26T04:49:12.706Z  INFO 23811 --- [delivery-tracker] [           main] com.zaxxer.hikari.HikariDataSource       : HikariPool-5 - Start completed.
2026-06-26T04:49:12.822Z  INFO 23811 --- [delivery-tracker] [           main] o.h.e.t.j.p.i.JtaPlatformInitiator       : HHH000489: No JTA platform available (set 'hibernate.transaction.jta.platform' to enable JTA platform integration)
Hibernate: drop table if exists delivery cascade 
Hibernate: create table delivery (created_at timestamp(6) not null, id bigint generated by default as identity, recipient_address varchar(255) not null, recipient_name varchar(255) not null, tracking_number varchar(255) not null, status enum ('DELIVERED','PENDING') not null, primary key (id))
2026-06-26T04:49:12.828Z  INFO 23811 --- [delivery-tracker] [           main] j.LocalContainerEntityManagerFactoryBean : Initialized JPA EntityManagerFactory for persistence unit 'default'
2026-06-26T04:49:13.027Z  WARN 23811 --- [delivery-tracker] [           main] JpaBaseConfiguration$JpaWebConfiguration : spring.jpa.open-in-view is enabled by default. Therefore, database queries may be performed during view rendering. Explicitly configure spring.jpa.open-in-view to disable this warning
2026-06-26T04:49:13.040Z  INFO 23811 --- [delivery-tracker] [           main] o.s.b.a.w.s.WelcomePageHandlerMapping    : Adding welcome page template: index
2026-06-26T04:49:13.136Z  INFO 23811 --- [delivery-tracker] [           main] o.s.b.a.h2.H2ConsoleAutoConfiguration    : H2 console available at '/h2-console'. Database available at 'jdbc:h2:mem:deliverydb'
2026-06-26T04:49:13.164Z  INFO 23811 --- [delivery-tracker] [           main] c.d.service.DeliveryServiceTest          : Started DeliveryServiceTest in 0.844 seconds (process running for 14.908)
Hibernate: select d1_0.id,d1_0.created_at,d1_0.recipient_address,d1_0.recipient_name,d1_0.status,d1_0.tracking_number from delivery d1_0 where d1_0.id=?
]]></system-out>
  </testcase>
</testsuite>