<?xml version="1.0" encoding="UTF-8"?>
<testsuite xmlns:xsi="http://www.w3.org/2001/XMLSchema-instance" xsi:noNamespaceSchemaLocation="https://maven.apache.org/surefire/maven-surefire-plugin/xsd/surefire-test-report-3.0.xsd" version="3.0" name="com.deliverytracker.controller.DeliveryControllerTest" time="9.571" tests="3" errors="0" skipped="0" failures="0">
  <properties>
[...]
</properties>
  <testcase name="complete_shouldRedirectToTop" classname="com.deliverytracker.controller.DeliveryControllerTest" time="1.159">
    <system-out><![CDATA[04:48:59.393 [main] INFO org.springframework.test.context.support.AnnotationConfigContextLoaderUtils -- Could not detect default configuration classes for test class [com.deliverytracker.controller.DeliveryControllerTest]: DeliveryControllerTest does not declare any static, non-private, non-final, nested classes annotated with @Configuration.
04:48:59.581 [main] INFO org.springframework.boot.test.context.SpringBootTestContextBootstrapper -- Found @SpringBootConfiguration com.deliverytracker.DeliveryTrackerApplication for test class com.deliverytracker.controller.DeliveryControllerTest

  .   ____          _            __ _ _
 /\\ / ___'_ __ _ _(_)_ __  __ _ \ \ \ \
( ( )\___ | '_ | '_| | '_ \/ _` | \ \ \ \
 \\/  ___)| |_)| | | | | || (_| |  ) ) ) )
  '  |____| .__|_| |_|_| |_\__, | / / / /
 =========|_|==============|___/=/_/_/_/

 :: Spring Boot ::                (v3.3.2)

2026-06-26T04:49:00.227Z  INFO 23811 --- [delivery-tracker] [           main] c.d.controller.DeliveryControllerTest    : Starting DeliveryControllerTest using Java 17.0.19 with PID 23811 (started by vscode in /workspaces/ghcp-handson)
2026-06-26T04:49:00.230Z  INFO 23811 --- [delivery-tracker] [           main] c.d.controller.DeliveryControllerTest    : No active profile set, falling back to 1 default profile: "default"
2026-06-26T04:49:01.910Z  INFO 23811 --- [delivery-tracker] [           main] .s.d.r.c.RepositoryConfigurationDelegate : Bootstrapping Spring Data JPA repositories in DEFAULT mode.
2026-06-26T04:49:02.000Z  INFO 23811 --- [delivery-tracker] [           main] .s.d.r.c.RepositoryConfigurationDelegate : Finished Spring Data repository scanning in 82 ms. Found 1 JPA repository interface.
2026-06-26T04:49:03.038Z  INFO 23811 --- [delivery-tracker] [           main] o.hibernate.jpa.internal.util.LogHelper  : HHH000204: Processing PersistenceUnitInfo [name: default]
2026-06-26T04:49:03.092Z  INFO 23811 --- [delivery-tracker] [           main] org.hibernate.Version                    : HHH000412: Hibernate ORM core version 6.5.2.Final
2026-06-26T04:49:03.142Z  INFO 23811 --- [delivery-tracker] [           main] o.h.c.internal.RegionFactoryInitiator    : HHH000026: Second-level cache disabled
2026-06-26T04:49:03.510Z  INFO 23811 --- [delivery-tracker] [           main] o.s.o.j.p.SpringPersistenceUnitInfo      : No LoadTimeWeaver setup: ignoring JPA class transformer
2026-06-26T04:49:03.543Z  INFO 23811 --- [delivery-tracker] [           main] com.zaxxer.hikari.HikariDataSource       : HikariPool-1 - Starting...
2026-06-26T04:49:03.762Z  INFO 23811 --- [delivery-tracker] [           main] com.zaxxer.hikari.pool.HikariPool        : HikariPool-1 - Added connection conn0: url=jdbc:h2:mem:deliverydb user=SA
2026-06-26T04:49:03.764Z  INFO 23811 --- [delivery-tracker] [           main] com.zaxxer.hikari.HikariDataSource       : HikariPool-1 - Start completed.
2026-06-26T04:49:04.884Z  INFO 23811 --- [delivery-tracker] [           main] o.h.e.t.j.p.i.JtaPlatformInitiator       : HHH000489: No JTA platform available (set 'hibernate.transaction.jta.platform' to enable JTA platform integration)
Hibernate: drop table if exists delivery cascade 
Hibernate: create table delivery (created_at timestamp(6) not null, id bigint generated by default as identity, recipient_address varchar(255) not null, recipient_name varchar(255) not null, tracking_number varchar(255) not null, status enum ('DELIVERED','PENDING') not null, primary key (id))
2026-06-26T04:49:05.085Z  INFO 23811 --- [delivery-tracker] [           main] j.LocalContainerEntityManagerFactoryBean : Initialized JPA EntityManagerFactory for persistence unit 'default'
2026-06-26T04:49:06.043Z  WARN 23811 --- [delivery-tracker] [           main] JpaBaseConfiguration$JpaWebConfiguration : spring.jpa.open-in-view is enabled by default. Therefore, database queries may be performed during view rendering. Explicitly configure spring.jpa.open-in-view to disable this warning
2026-06-26T04:49:06.080Z  INFO 23811 --- [delivery-tracker] [           main] o.s.b.a.w.s.WelcomePageHandlerMapping    : Adding welcome page template: index
2026-06-26T04:49:06.662Z  INFO 23811 --- [delivery-tracker] [           main] o.s.b.a.h2.H2ConsoleAutoConfiguration    : H2 console available at '/h2-console'. Database available at 'jdbc:h2:mem:deliverydb'
2026-06-26T04:49:06.787Z  INFO 23811 --- [delivery-tracker] [           main] o.s.b.t.m.w.SpringBootMockServletContext : Initializing Spring TestDispatcherServlet ''
2026-06-26T04:49:06.787Z  INFO 23811 --- [delivery-tracker] [           main] o.s.t.web.servlet.TestDispatcherServlet  : Initializing Servlet ''
2026-06-26T04:49:06.791Z  INFO 23811 --- [delivery-tracker] [           main] o.s.t.web.servlet.TestDispatcherServlet  : Completed initialization in 2 ms
2026-06-26T04:49:06.837Z  INFO 23811 --- [delivery-tracker] [           main] c.d.controller.DeliveryControllerTest    : Started DeliveryControllerTest in 7.044 seconds (process running for 8.581)
Hibernate: select d1_0.id,d1_0.created_at,d1_0.recipient_address,d1_0.recipient_name,d1_0.status,d1_0.tracking_number from delivery d1_0 where d1_0.id=?
Hibernate: update delivery set created_at=?,recipient_address=?,recipient_name=?,status=?,tracking_number=? where id=?
]]></system-out>
  </testcase>
  <testcase name="index_shouldReturnOk" classname="com.deliverytracker.controller.DeliveryControllerTest" time="0.576">
    <system-out><![CDATA[Hibernate: select d1_0.id,d1_0.created_at,d1_0.recipient_address,d1_0.recipient_name,d1_0.status,d1_0.tracking_number from delivery d1_0 order by d1_0.created_at desc
]]></system-out>
  </testcase>
  <testcase name="create_shouldRedirectToTop" classname="com.deliverytracker.controller.DeliveryControllerTest" time="0.057">
    <system-out><![CDATA[Hibernate: select d1_0.id,d1_0.created_at,d1_0.recipient_address,d1_0.recipient_name,d1_0.status,d1_0.tracking_number from delivery d1_0 order by d1_0.id desc fetch first ? rows only
Hibernate: insert into delivery (created_at,recipient_address,recipient_name,status,tracking_number,id) values (?,?,?,?,?,default)
]]></system-out>
  </testcase>
</testsuite>